{
  "RSpec": {
    "coverage": {
      "/myapp/app/forms/change_todo_form.rb": {
        "lines": [
          null,
          null,
          1,
          1,
          1,
          1,
          1,
          null,
          1,
          null,
          1,
          1,
          1,
          1,
          1,
          1,
          1,
          1,
          1,
          1,
          1,
          1,
          1,
          null,
          1,
          1,
          null,
          1,
          null,
          1,
          11,
          11,
          null,
          null,
          1,
          0,
          0,
          0,
          null,
          null,
          1,
          4,
          null,
          4,
          2,
          2,
          null,
          null,
          2,
          0,
          0,
          null,
          null,
          null,
          4,
          null,
          null,
          1,
          null,
          1,
          0,
          null,
          null,
          null,
          1,
          0,
          null,
          null
        ]
      },
      "/myapp/app/forms/user_form.rb": {
        "lines": [
          1,
          1,
          1,
          1,
          1,
          null,
          1,
          null,
          1,
          1,
          1,
          1,
          1,
          1,
          1,
          null,
          1,
          null,
          1,
          0,
          0,
          0,
          0,
          null,
          null,
          1,
          null,
          1,
          1,
          1,
          null,
          null,
          1,
          1,
          1,
          1,
          1,
          null,
          null,
          null,
          1,
          13,
          13,
          13,
          13,
          null,
          null,
          1,
          2,
          null,
          2,
          2,
          2,
          null,
          null,
          1,
          3,
          3,
          1,
          1,
          null,
          null,
          2,
          1,
          1,
          null,
          null,
          1,
          1,
          1,
          null,
          null,
          null,
          3,
          null,
          null,
          1,
          null,
          1,
          2,
          null,
          null,
          null,
          1,
          2,
          null,
          null,
          1,
          2,
          null,
          null
        ]
      },
      "/myapp/app/models/address.rb": {
        "lines": [
          1,
          1,
          null,
          1,
          null,
          null,
          null,
          null,
          null,
          null,
          null,
          null,
          null,
          null,
          null,
          1,
          null,
          1,
          1,
          1,
          1,
          1,
          null,
          null
        ]
      },
      "/myapp/app/models/aspiration.rb": {
        "lines": [
          1,
          1,
          1,
          null
        ]
      },
      "/myapp/app/models/desired_school.rb": {
        "lines": [
          1,
          1,
          1,
          null,
          1,
          1,
          1,
          1,
          1,
          1,
          1,
          1,
          1,
          1,
          1,
          1,
          null,
          null
        ]
      },
      "/myapp/app/models/like.rb": {
        "lines": [
          1,
          1,
          1,
          null,
          null,
          4,
          null
        ]
      },
      "/myapp/app/models/message.rb": {
        "lines": [
          1,
          1,
          1,
          null,
          1,
          null
        ]
      },
      "/myapp/app/models/room.rb": {
        "lines": [
          1,
          1,
          1,
          1,
          null,
          null,
          8,
          null,
          null,
          5,
          null,
          1,
          null,
          6,
          6,
          1,
          null,
          null,
          5,
          5,
          2,
          null,
          null,
          3,
          null,
          null,
          3,
          2,
          null,
          1,
          null,
          null,
          2,
          null,
          null
        ]
      },
      "/myapp/app/models/study_hour.rb": {
        "lines": [
          1,
          1,
          1,
          null,
          1,
          null,
          1,
          1,
          1,
          1,
          1,
          null,
          null,
          1,
          null,
          16,
          3,
          4,
          2,
          1,
          2,
          null,
          1,
          2,
          null,
          1,
          2,
          null,
          null
        ]
      },
      "/myapp/app/models/telephone.rb": {
        "lines": [
          1,
          1,
          null,
          1,
          null,
          1,
          20,
          20,
          null,
          null,
          1,
          1,
          null
        ]
      },
      "/myapp/app/models/todo.rb": {
        "lines": [
          1,
          1,
          1,
          1,
          null,
          1,
          null,
          1,
          4,
          4,
          3,
          null,
          1,
          null,
          null,
          0,
          null,
          null,
          null,
          1,
          744,
          null,
          null,
          null,
          null,
          null,
          null,
          null,
          null,
          1,
          1,
          1,
          null,
          1,
          1,
          1,
          1,
          1,
          1,
          null,
          null,
          1,
          null,
          1,
          null,
          1,
          915,
          1,
          null,
          null,
          null
        ]
      },
      "/myapp/app/services/chat_rooms_service.rb": {
        "lines": [
          1,
          1,
          4,
          null,
          null,
          1,
          4,
          null,
          null,
          3,
          null,
          null,
          null,
          null,
          4,
          4,
          null,
          null
        ]
      },
      "/myapp/app/services/school_finder_service.rb": {
        "lines": [
          1,
          1,
          3,
          3,
          null,
          null,
          1,
          3,
          3,
          null,
          2,
          null,
          0,
          0,
          null,
          0,
          0,
          0,
          null,
          null,
          1,
          null,
          1,
          3,
          null,
          1,
          null,
          null,
          1,
          2,
          2,
          2,
          2,
          2,
          null,
          null,
          1,
          0,
          0,
          null,
          0,
          null,
          0,
          0,
          null,
          null,
          null,
          null,
          null
        ]
      },
      "/myapp/app/services/university_search_service.rb": {
        "lines": [
          1,
          1,
          4,
          null,
          null,
          1,
          4,
          4,
          4,
          34,
          952,
          null,
          null,
          null,
          null,
          4,
          34,
          34,
          null,
          null,
          null,
          null,
          4,
          null,
          null
        ]
      },
      "/myapp/app/models/room_user.rb": {
        "lines": [
          1,
          1,
          1,
          null,
          null,
          1,
          null
        ]
      },
      "/myapp/app/models/relation_ship.rb": {
        "lines": [
          1,
          1,
          1,
          null
        ]
      },
      "/myapp/app/controllers/api/v1/current/desired_schools/search/prefecture_searches_controller.rb": {
        "lines": [
          1,
          1,
          1,
          null,
          1,
          1,
          1,
          1,
          1,
          15,
          472,
          null,
          null,
          null,
          1,
          1,
          1,
          1,
          null,
          null,
          1,
          15,
          15,
          15,
          15,
          15,
          null,
          null,
          1,
          null,
          null
        ]
      },
      "/myapp/app/controllers/api/v1/base_controller.rb": {
        "lines": [
          1,
          1,
          1,
          1,
          null
        ]
      },
      "/myapp/app/controllers/application_controller.rb": {
        "lines": [
          1,
          1,
          1,
          null,
          1,
          null,
          1,
          1,
          1,
          1,
          null,
          1,
          null,
          1,
          0,
          null,
          null,
          null,
          null,
          1,
          null,
          null,
          1,
          0,
          0,
          0,
          null,
          null,
          null,
          1,
          2,
          null,
          null,
          null,
          1,
          0,
          null,
          null,
          1,
          0,
          null,
          null
        ]
      },
      "/myapp/app/controllers/concerns/devise_hack_fake_session.rb": {
        "lines": [
          1,
          1,
          null,
          1,
          1,
          51,
          null,
          null,
          1,
          null,
          null,
          null,
          1,
          1,
          null,
          1,
          null,
          1,
          51,
          51,
          null,
          null,
          null,
          null
        ]
      },
      "/myapp/app/controllers/concerns/load_json.rb": {
        "lines": [
          1,
          1,
          1,
          null,
          1,
          4,
          7,
          7,
          7,
          null,
          null,
          null,
          null
        ]
      },
      "/myapp/app/controllers/api/v1/current/search_result_controller.rb": {
        "lines": [
          null,
          null,
          1,
          1,
          null,
          1,
          1,
          2,
          2,
          null,
          2,
          2,
          null,
          2,
          null,
          null
        ]
      },
      "/myapp/app/controllers/api/v1/current/desired_schools_controller.rb": {
        "lines": [
          1,
          1,
          1,
          1,
          1,
          null,
          1,
          3,
          3,
          null,
          null,
          1,
          0,
          null,
          null,
          1,
          3,
          3,
          null,
          null,
          1,
          1,
          1,
          1,
          1,
          null,
          0,
          null,
          null,
          null,
          1,
          null,
          1,
          3,
          null,
          null,
          null,
          null,
          null,
          1,
          3,
          3,
          0,
          null,
          null,
          null,
          1,
          3,
          3,
          null,
          null
        ]
      },
      "/myapp/app/controllers/api/v1/current/follows_controller.rb": {
        "lines": [
          1,
          1,
          null,
          1,
          2,
          1,
          1,
          1,
          null,
          null,
          null,
          0,
          null,
          null,
          null,
          1,
          null,
          1,
          null,
          1,
          null,
          null,
          null,
          null,
          null,
          null,
          null,
          null,
          null
        ]
      },
      "/myapp/app/controllers/api/v1/current/management_controller.rb": {
        "lines": [
          1,
          1,
          null,
          1,
          5,
          5,
          5,
          4,
          1,
          0,
          null,
          1,
          null,
          null,
          null
        ]
      },
      "/myapp/app/controllers/api/v1/current/messages_controller.rb": {
        "lines": [
          1,
          1,
          null,
          1,
          2,
          2,
          2,
          null,
          2,
          1,
          null,
          1,
          null,
          null,
          null,
          1,
          null,
          1,
          2,
          null,
          null
        ]
      },
      "/myapp/app/controllers/api/v1/current/relationships_controller.rb": {
        "lines": [
          1,
          1,
          null,
          1,
          1,
          null,
          1,
          0,
          null,
          1,
          null,
          null,
          null,
          null,
          1,
          1,
          1,
          null,
          null,
          null,
          1,
          null,
          1,
          1,
          null,
          null,
          null,
          1,
          1,
          1,
          1,
          null,
          null,
          null,
          1,
          1,
          1,
          1,
          null,
          null
        ]
      },
      "/myapp/app/serializers/user_serializer.rb": {
        "lines": [
          1,
          null,
          1,
          null,
          null,
          null
        ]
      },
      "/myapp/app/controllers/api/v1/current/rooms_controller.rb": {
        "lines": [
          1,
          1,
          null,
          1,
          1,
          1,
          null,
          1,
          null,
          null,
          1,
          2,
          1,
          0,
          null,
          null,
          1,
          null,
          1,
          0,
          null,
          1,
          null,
          null,
          1,
          1,
          1,
          0,
          null,
          1,
          1,
          null,
          null,
          null,
          1,
          null,
          1,
          1,
          null,
          null
        ]
      },
      "/myapp/app/controllers/api/v1/current/details_controller.rb": {
        "lines": [
          null,
          1,
          1,
          1,
          1,
          null,
          1,
          1,
          1,
          null,
          null,
          1,
          null,
          1,
          null,
          null,
          1,
          null,
          1,
          1,
          1,
          null,
          null
        ]
      },
      "/myapp/app/services/faculty_data_finder_service.rb": {
        "lines": [
          1,
          1,
          1,
          1,
          null,
          null,
          1,
          1,
          1,
          1,
          1,
          15,
          472,
          472,
          472,
          0,
          0,
          null,
          null,
          null,
          null,
          1,
          null,
          null
        ]
      },
      "/myapp/app/controllers/api/v1/current/todos_controller.rb": {
        "lines": [
          1,
          1,
          1,
          null,
          1,
          null,
          1,
          4,
          4,
          null,
          null,
          1,
          2,
          null,
          null,
          1,
          4,
          4,
          1,
          null,
          3,
          null,
          null,
          null,
          1,
          2,
          2,
          null,
          null,
          1,
          0,
          0,
          0,
          0,
          null,
          0,
          0,
          null,
          null,
          null,
          1,
          1,
          1,
          null,
          null,
          1,
          null,
          null,
          1,
          5,
          5,
          2,
          null,
          null,
          null,
          1,
          4,
          null,
          null,
          null
        ]
      },
      "/myapp/app/controllers/concerns/pagination.rb": {
        "lines": [
          1,
          1,
          null,
          1,
          null,
          4,
          null,
          null,
          null,
          null
        ]
      },
      "/myapp/app/serializers/todo_serializer.rb": {
        "lines": [
          1,
          1,
          null,
          null,
          1,
          1,
          null,
          1,
          22,
          null,
          null,
          1,
          22,
          null,
          null,
          1,
          22,
          null,
          null,
          1,
          22,
          null,
          null,
          1,
          22,
          null,
          null
        ]
      },
      "/myapp/app/serializers/study_hour_serializer.rb": {
        "lines": [
          1,
          1,
          1,
          null,
          1,
          24,
          null,
          null
        ]
      },
      "/myapp/app/serializers/current_user_serializer.rb": {
        "lines": [
          1,
          1,
          1,
          1,
          null,
          null,
          25,
          null,
          25,
          null,
          1,
          24,
          null,
          null
        ]
      },
      "/myapp/app/serializers/address_serializer.rb": {
        "lines": [
          1,
          1,
          null,
          1,
          null
        ]
      },
      "/myapp/app/serializers/telephone_serializer.rb": {
        "lines": [
          1,
          1,
          1,
          null
        ]
      },
      "/myapp/app/controllers/api/v1/current/users_controller.rb": {
        "lines": [
          1,
          1,
          null,
          1,
          2,
          2,
          null,
          null,
          1,
          0,
          0,
          null,
          null,
          1,
          0,
          0,
          0,
          0,
          null,
          0,
          null,
          null,
          null
        ]
      },
      "/myapp/app/controllers/api/v1/health_check_controller.rb": {
        "lines": [
          1,
          1,
          1,
          null,
          null
        ]
      },
      "/myapp/app/controllers/api/v1/current/desired_schools/search/option_controller.rb": {
        "lines": [
          0,
          0,
          0,
          0,
          0,
          0,
          null,
          0,
          0,
          null,
          null,
          0,
          0
        ],
        "branches": {
        }
      },
      "/myapp/app/controllers/api/v1/current/desired_schools/search/prefecture_search_controller.rb": {
        "lines": [
          0,
          0,
          0
        ],
        "branches": {
        }
      },
      "/myapp/app/controllers/api/v1/current/desired_schools/search_controller.rb": {
        "lines": [
          0,
          0,
          null,
          0,
          0,
          0
        ],
        "branches": {
        }
      },
      "/myapp/app/controllers/api/v1/current/homes_controller.rb": {
        "lines": [
          0,
          0,
          0,
          0,
          0
        ],
        "branches": {
        }
      },
      "/myapp/app/controllers/api/v1/current/schools_controller.rb": {
        "lines": [
          0,
          0,
          null,
          0,
          null,
          0,
          null,
          0,
          0,
          null,
          null,
          0,
          null,
          0,
          null,
          0,
          null,
          0,
          0,
          0,
          0,
          0,
          0,
          null,
          0,
          null,
          0,
          0,
          0,
          0,
          0,
          0
        ],
        "branches": {
        }
      },
      "/myapp/app/controllers/api/v1/user/confirmations_controller.rb": {
        "lines": [
          0,
          0,
          0,
          0,
          0,
          null,
          0,
          0,
          0,
          0
        ],
        "branches": {
        }
      },
      "/myapp/app/forms/concerns/string_normalizer.rb": {
        "lines": [
          0,
          null,
          0,
          0,
          null,
          0,
          0,
          0,
          null,
          0,
          0,
          0,
          null,
          0,
          0,
          0,
          null,
          0,
          0,
          0,
          null,
          0,
          0,
          0,
          0
        ],
        "branches": {
        }
      },
      "/myapp/app/jobs/application_job.rb": {
        "lines": [
          0,
          null,
          null,
          null,
          null,
          null,
          0
        ],
        "branches": {
        }
      },
      "/myapp/app/mailers/application_mailer.rb": {
        "lines": [
          0,
          0,
          0,
          0
        ],
        "branches": {
        }
      },
      "/myapp/app/models/application_record.rb": {
        "lines": [
          0,
          0,
          0
        ],
        "branches": {
        }
      },
      "/myapp/app/models/concerns/string_normalizer.rb": {
        "lines": [
          0,
          null,
          0,
          0,
          null,
          0,
          0,
          0,
          null,
          0,
          0,
          0,
          null,
          0,
          0,
          0,
          null,
          0,
          0,
          0,
          null,
          0,
          0,
          0,
          0
        ],
        "branches": {
        }
      },
      "/myapp/app/models/user.rb": {
        "lines": [
          null,
          null,
          0,
          null,
          null,
          0,
          0,
          0,
          0,
          null,
          0,
          null,
          0,
          0,
          null,
          0,
          0,
          null,
          0,
          0,
          null,
          0,
          0,
          0,
          0,
          null,
          0,
          0,
          0,
          null,
          0,
          0,
          null,
          null,
          0,
          0,
          0,
          0,
          0,
          0,
          0,
          null,
          0,
          null,
          0,
          0,
          0,
          0,
          0,
          0,
          null,
          0,
          null,
          null,
          0,
          0,
          null,
          null,
          0,
          0,
          null,
          null,
          0,
          0,
          0,
          null,
          null,
          0,
          0,
          0,
          null,
          null,
          0,
          0,
          0,
          null,
          0,
          null,
          0,
          0,
          0,
          0,
          0,
          0
        ],
        "branches": {
        }
      },
      "/myapp/app/serializers/desired_school_serializer.rb": {
        "lines": [
          0,
          0,
          0,
          null,
          0
        ],
        "branches": {
        }
      },
      "/myapp/app/serializers/follow_serializer.rb": {
        "lines": [
          0,
          0,
          0,
          0
        ],
        "branches": {
        }
      },
      "/myapp/app/serializers/followed_serializer.rb": {
        "lines": [
          0,
          0,
          0,
          0
        ],
        "branches": {
        }
      },
      "/myapp/app/serializers/user_form_serializer.rb": {
        "lines": [
          0,
          0,
          0,
          0,
          0,
          0,
          null,
          0,
          null,
          0,
          null,
          0,
          0,
          0,
          0
        ],
        "branches": {
        }
      }
    },
    "timestamp": 1739291133
  }
}
